[2024-06-13T04:03:15.010] [WARN] warn - POST /api/users/ 200
[2024-06-13T04:12:23.851] [WARN] warn - GET /api/users/666a9b43393024f88461c690 200
[2024-06-13T04:12:27.326] [WARN] warn - GET /api/users/ 200
[2024-06-13T04:12:38.734] [WARN] warn - GET /api/users/38FgipBoG37HmV1FRFi4KOoAlbWkC4eaVi7eQdMEX2XPkpOmxtnvC 200
[2024-06-13T04:59:18.259] [WARN] warn - POST /api/user/login - Ruta inexistente
[2024-06-13T04:59:22.614] [WARN] warn - POST /api/user/login - Ruta inexistente
[2024-06-13T04:59:54.326] [WARN] warn - GET /users/undefined - Ruta inexistente
[2024-06-13T05:06:47.846] [WARN] warn - POST /api/user/login - Ruta inexistente
[2024-06-13T05:06:49.558] [WARN] warn - POST /api/user/login - Ruta inexistente
[2024-06-13T05:07:04.960] [WARN] warn - GET /users/666a9c8d2ecfb900a06d699d - Ruta inexistente
[2024-06-13T05:09:40.759] [WARN] warn - POST /api//auth/login - Ruta inexistente
[2024-06-13T06:05:18.939] [WARN] warn - POST /api/auth/login 200
[2024-06-13T06:05:23.552] [WARN] warn - POST /api/auth/login 200
[2024-06-13T11:10:26.915] [WARN] warn - POST /api/auth/login 200
[2024-06-19T08:47:46.451] [WARN] warn - POST /api/auth/login 200
[2024-06-19T08:48:07.430] [WARN] warn - POST /api/auth/login 200
[2024-06-19T08:48:25.993] [WARN] warn - POST /api/auth/login 200
[2024-06-19T08:48:50.884] [WARN] warn - POST /api/auth/login 200
[2024-06-19T08:49:05.481] [WARN] warn - POST /api/auth/login 200
[2024-06-19T08:49:18.189] [WARN] warn - POST /api/auth/login 200
[2024-06-19T08:49:33.653] [WARN] warn - POST /api/auth/login 200
[2024-06-19T08:49:36.978] [WARN] warn - POST /api/auth/login 200
[2024-06-19T08:49:37.175] [WARN] warn - POST /api/auth/login 200
[2024-06-19T08:49:37.550] [WARN] warn - POST /api/auth/login 200
[2024-06-19T08:49:55.239] [WARN] warn - POST /api/auth/login 200
[2024-06-19T08:49:56.960] [WARN] warn - POST /api/auth/login 200
[2024-06-19T08:58:00.370] [WARN] warn - POST /api/auth/login 200
[2024-06-19T09:01:35.843] [WARN] warn - POST /api/auth/login 200
[2024-06-19T09:14:46.609] [WARN] warn - POST /api/auth/login 200
[2024-06-19T09:57:52.986] [WARN] warn - POST /api/auth/restore 200
[2024-06-19T10:08:25.373] [WARN] warn - POST /api/auth/restore 200
[2024-06-19T10:09:42.430] [WARN] warn - POST /api/auth/restore 200
[2024-06-19T10:50:51.815] [WARN] warn - POST /auth/restore/eyJhbGciOiJIUzI1NiIsInR5cCI6IkpXVCJ9.eyJpZCI6IjY2NzJkODNkMjY2N2FmOGZhNzhmMDdhMiIsImVtYWlsIjoibW52aWxsYW5pZGV2QGdtYWlsLmNvbSIsImlhdCI6MTcxODgwMjg1NiwiZXhwIjoxNzE4ODA2NDU2fQ.9wMrFPBxnkUNJG8J1HC3YHwC88qu_bgWRPj-yr8kF6E - Ruta inexistente
[2024-06-19T10:51:20.452] [WARN] warn - POST /api/auth/restore/eyJhbGciOiJIUzI1NiIsInR5cCI6IkpXVCJ9.eyJpZCI6IjY2NzJkODNkMjY2N2FmOGZhNzhmMDdhMiIsImVtYWlsIjoibW52aWxsYW5pZGV2QGdtYWlsLmNvbSIsImlhdCI6MTcxODgwMjg1NiwiZXhwIjoxNzE4ODA2NDU2fQ.9wMrFPBxnkUNJG8J1HC3YHwC88qu_bgWRPj-yr8kF6E 200
[2024-06-19T10:52:52.322] [WARN] warn - POST /api/auth/restore/eyJhbGciOiJIUzI1NiIsInR5cCI6IkpXVCJ9.eyJpZCI6IjY2NzJkODNkMjY2N2FmOGZhNzhmMDdhMiIsImVtYWlsIjoibW52aWxsYW5pZGV2QGdtYWlsLmNvbSIsImlhdCI6MTcxODgwNTE2MCwiZXhwIjoxNzE4ODA4NzYwfQ.iQ4mrJrkT-rMbiMGohF99zG-fq3BNV-xeTCyoQaRs5o 200
[2024-06-19T10:53:22.735] [WARN] warn - POST /api/auth/restore/eyJhbGciOiJIUzI1NiIsInR5cCI6IkpXVCJ9.eyJpZCI6IjY2NzJkODNkMjY2N2FmOGZhNzhmMDdhMiIsImVtYWlsIjoibW52aWxsYW5pZGV2QGdtYWlsLmNvbSIsImlhdCI6MTcxODgwNTE2MCwiZXhwIjoxNzE4ODA4NzYwfQ.iQ4mrJrkT-rMbiMGohF99zG-fq3BNV-xeTCyoQaRs5o 200
[2024-06-19T10:53:40.013] [WARN] warn - POST /api/auth/restore/eyJhbGciOiJIUzI1NiIsInR5cCI6IkpXVCJ9.eyJpZCI6IjY2NzJkODNkMjY2N2FmOGZhNzhmMDdhMiIsImVtYWlsIjoibW52aWxsYW5pZGV2QGdtYWlsLmNvbSIsImlhdCI6MTcxODgwNTE2MCwiZXhwIjoxNzE4ODA4NzYwfQ.iQ4mrJrkT-rMbiMGohF99zG-fq3BNV-xeTCyoQaRs5o 200
[2024-06-19T10:53:46.356] [WARN] warn - POST /api/auth/restore/eyJhbGciOiJIUzI1NiIsInR5cCI6IkpXVCJ9.eyJpZCI6IjY2NzJkODNkMjY2N2FmOGZhNzhmMDdhMiIsImVtYWlsIjoibW52aWxsYW5pZGV2QGdtYWlsLmNvbSIsImlhdCI6MTcxODgwNTE2MCwiZXhwIjoxNzE4ODA4NzYwfQ.iQ4mrJrkT-rMbiMGohF99zG-fq3BNV-xeTCyoQaRs5o 200
[2024-06-19T10:54:21.629] [WARN] warn - POST /api/auth/restore/eyJhbGciOiJIUzI1NiIsInR5cCI6IkpXVCJ9.eyJpZCI6IjY2NzJkODNkMjY2N2FmOGZhNzhmMDdhMiIsImVtYWlsIjoibW52aWxsYW5pZGV2QGdtYWlsLmNvbSIsImlhdCI6MTcxODgwNTE2MCwiZXhwIjoxNzE4ODA4NzYwfQ.iQ4mrJrkT-rMbiMGohF99zG-fq3BNV-xeTCyoQaRs5o 200
[2024-06-19T23:46:24.201] [WARN] warn - POST /api/auth/login 200
[2024-06-20T00:03:08.783] [WARN] warn - POST /api/auth/login 200
[2024-06-20T00:46:42.006] [WARN] warn - POST /api/auth/login 200
[2024-06-20T00:50:30.079] [WARN] warn - POST /api/auth/restore/eyJhbGciOiJIUzI1NiIsInR5cCI6IkpXVCJ9.eyJpZCI6IjY2NzM5N2M1NjY1NTNhNmFlNWYzYmNkNiIsImVtYWlsIjoibmljb2xhc3NpZXJyYTE4QGdtYWlsLmNvbSIsImlhdCI6MTcxODg1MTYzNywiZXhwIjoxNzE4ODU1MjM3fQ.PA2PCMIIJEJzZjOerZVSbENpmWhxP5X5Sj1siLZXSxQ 200
[2024-06-20T00:50:47.669] [WARN] warn - POST /api/auth/restore/eyJhbGciOiJIUzI1NiIsInR5cCI6IkpXVCJ9.eyJpZCI6IjY2NzM5N2M1NjY1NTNhNmFlNWYzYmNkNiIsImVtYWlsIjoibmljb2xhc3NpZXJyYTE4QGdtYWlsLmNvbSIsImlhdCI6MTcxODg1MTYzNywiZXhwIjoxNzE4ODU1MjM3fQ.PA2PCMIIJEJzZjOerZVSbENpmWhxP5X5Sj1siLZXSxQ 200
[2024-06-20T00:51:36.321] [WARN] warn - POST /api/auth/login 200
[2024-06-21T02:51:36.641] [WARN] warn - POST /api/auth/restore 200
[2024-06-21T03:13:06.188] [WARN] warn - POST /api/auth/restore/eyJhbGciOiJIUzI1NiIsInR5cCI6IkpXVCJ9.eyJpZCI6IjY2NzJkNTg5NGMwYjNhZmYzMjA2MzBjMCIsImVtYWlsIjoidHVsby5udkBnbWFpbC5jb20iLCJpYXQiOjE3MTg5NDkxMDksImV4cCI6MTcxODk1MjcwOX0.yZ0OT2hOb-nyFQ4NmSWFDwkUBXU4xX2N5YndkXT0ydY 200
[2024-06-21T03:13:08.422] [WARN] warn - POST /api/auth/restore/eyJhbGciOiJIUzI1NiIsInR5cCI6IkpXVCJ9.eyJpZCI6IjY2NzJkNTg5NGMwYjNhZmYzMjA2MzBjMCIsImVtYWlsIjoidHVsby5udkBnbWFpbC5jb20iLCJpYXQiOjE3MTg5NDkxMDksImV4cCI6MTcxODk1MjcwOX0.yZ0OT2hOb-nyFQ4NmSWFDwkUBXU4xX2N5YndkXT0ydY 200
[2024-06-21T03:13:56.330] [WARN] warn - POST /api/auth/restore/eyJhbGciOiJIUzI1NiIsInR5cCI6IkpXVCJ9.eyJpZCI6IjY2NzJkNTg5NGMwYjNhZmYzMjA2MzBjMCIsImVtYWlsIjoidHVsby5udkBnbWFpbC5jb20iLCJpYXQiOjE3MTg5NTA0MjQsImV4cCI6MTcxODk1NDAyNH0.TMinG8dvI3oPHh11d0hufrbfSE4FlKqKEUcKAJ8pj8E 200
[2024-06-21T03:14:49.416] [WARN] warn - POST /api/auth/restore/eyJhbGciOiJIUzI1NiIsInR5cCI6IkpXVCJ9.eyJpZCI6IjY2NzJkNTg5NGMwYjNhZmYzMjA2MzBjMCIsImVtYWlsIjoidHVsby5udkBnbWFpbC5jb20iLCJpYXQiOjE3MTg5NTA0MjQsImV4cCI6MTcxODk1NDAyNH0.TMinG8dvI3oPHh11d0hufrbfSE4FlKqKEUcKAJ8pj8E 200
[2024-06-21T03:15:13.835] [WARN] warn - POST /api/auth/restore/eyJhbGciOiJIUzI1NiIsInR5cCI6IkpXVCJ9.eyJpZCI6IjY2NzJkNTg5NGMwYjNhZmYzMjA2MzBjMCIsImVtYWlsIjoidHVsby5udkBnbWFpbC5jb20iLCJpYXQiOjE3MTg5NTA0MjQsImV4cCI6MTcxODk1NDAyNH0.TMinG8dvI3oPHh11d0hufrbfSE4FlKqKEUcKAJ8pj8E 200
[2024-06-21T03:16:04.196] [WARN] warn - POST /api/auth/restore/eyJhbGciOiJIUzI1NiIsInR5cCI6IkpXVCJ9.eyJpZCI6IjY2NzJkNTg5NGMwYjNhZmYzMjA2MzBjMCIsImVtYWlsIjoidHVsby5udkBnbWFpbC5jb20iLCJpYXQiOjE3MTg5NTA0MjQsImV4cCI6MTcxODk1NDAyNH0.TMinG8dvI3oPHh11d0hufrbfSE4FlKqKEUcKAJ8pj8E 200
[2024-06-21T04:32:58.511] [WARN] warn - POST /api/auth/restore/34212341123 200
[2024-06-21T04:36:41.807] [WARN] warn - POST /api/auth/restore/undefined 200
[2024-06-21T04:37:26.775] [WARN] warn - POST /api/auth/restore/undefined 200
[2024-06-21T04:38:50.427] [WARN] warn - POST /api/auth/restore/undefined 200
[2024-06-25T06:12:19.639] [WARN] warn - POST /api/auth/login 200
[2024-06-25T09:22:56.818] [WARN] warn - POST /api/auth/login 200
[2024-06-25T09:40:07.669] [WARN] warn - POST /api/auth/login 200
[2024-06-25T09:40:10.685] [WARN] warn - POST /api/auth/login 200
[2024-06-25T09:40:46.426] [WARN] warn - POST /api/auth/login 200
[2024-06-25T16:34:32.359] [WARN] warn - GET /api/users/password/666a9c8d2ecfb900a06d699d - Ruta inexistente
[2024-06-25T16:34:56.845] [WARN] warn - PUT /api/users/password/666a9c8d2ecfb900a06d699d 200
[2024-06-25T16:35:13.837] [WARN] warn - POST /api/auth/login 200
[2024-06-25T16:35:14.816] [WARN] warn - POST /api/auth/login 200
[2024-06-25T16:56:59.297] [WARN] warn - POST /api/user - Ruta inexistente
[2024-06-25T16:58:00.453] [WARN] warn - POST /api/users 200
[2024-06-25T17:02:27.537] [WARN] warn - POST /api/users 200
[2024-06-25T17:21:30.034] [WARN] warn - DELETE /api/users?email=yukfly1@gmail.com&motivo=dinero 200
[2024-06-25T17:21:53.688] [WARN] warn - DELETE /api/users?email=yukfly1@gmail.com&motivo=dinero 200
[2024-06-25T17:22:14.343] [WARN] warn - DELETE /api/users?email=yukfly1@gmail.com&motivo=dinero 200
[2024-06-25T17:22:17.610] [WARN] warn - DELETE /api/users?email=yukfly1@gmail.com&motivo=dinero 200
[2024-06-25T17:23:19.299] [WARN] warn - DELETE /api/users?email=yukfly1@gmail.com&motivo=dinero 200
[2024-06-25T17:23:54.504] [WARN] warn - DELETE /api/users?email=yukfly1@gmail.com&motivo=dinero 200
[2024-06-25T17:24:35.461] [WARN] warn - DELETE /api/users?email=yukfly1@gmail.com&motivo=cierre 200
[2024-06-25T17:25:33.509] [WARN] warn - DELETE /api/users?email=yukfly1@gmail.com&motivo_baja=insatisfaccion 200
[2024-06-26T12:12:09.473] [WARN] warn - DELETE /api/users?email=test111111112@hotmail.com&motivo_baja=insatisfaccion 200
[2024-06-26T13:39:42.967] [WARN] warn - GET /api/users/edit 200
[2024-06-26T15:02:58.033] [WARN] warn - PUT /api/users/666a9c8d2ecfb900a06d699d 200
[2024-06-26T15:03:54.697] [WARN] warn - PUT /api/users/666a9c8d2ecfb900a06d699d 200
[2024-06-26T15:04:16.002] [WARN] warn - PUT /api/users/666a9c8d2ecfb900a06d699d 200
[2024-06-26T15:04:31.910] [WARN] warn - PUT /api/users/666a9c8d2ecfb900a06d699d 200
[2024-06-26T15:04:33.743] [WARN] warn - PUT /api/users/666a9c8d2ecfb900a06d699d 200
[2024-06-26T15:05:45.884] [WARN] warn - PUT /api/users/666a9c8d2ecfb900a06d699d 200
[2024-06-26T15:05:52.252] [WARN] warn - PUT /api/users/666a9c8d2ecfb900a06d699d 200
[2024-06-26T15:36:46.590] [WARN] warn - PUT /api/users/666a9c8d2ecfb900a06d699d 200
[2024-06-26T15:37:09.012] [WARN] warn - PUT /api/users/666a9c8d2ecfb900a06d699d 200
[2024-06-26T15:37:26.100] [WARN] warn - PUT /api/users/666a9c8d2ecfb900a06d699d 200
[2024-06-26T15:42:00.756] [WARN] warn - PUT /api/users/666a9c8d2ecfb900a06d699d 200
[2024-06-26T15:42:02.781] [WARN] warn - PUT /api/users/666a9c8d2ecfb900a06d699d 200
[2024-06-28T17:01:09.894] [WARN] warn - GET /api/users/delete666a9c8d2ecfb900a06d699d 200
[2024-07-01T13:37:34.135] [WARN] warn - DELETE /api/users?email=667c2ef99d9924a45e77aa30&motivo_baja=Esto%20es%20una%20prueba 200
[2024-07-01T13:38:33.160] [WARN] warn - DELETE /api/users?email=667c2ef99d9924a45e77aa30&motivo_baja=Esto%20es%20una%20prueba 200
[2024-07-01T13:41:17.654] [WARN] warn - DELETE /api/users?email=667c2efc9d9924a45e77aa33&motivo_baja=Prueba 200
[2024-07-01T13:41:34.702] [WARN] warn - DELETE /api/users?email=667c2efc9d9924a45e77aa33&motivo_baja=Prueba 200
[2024-07-01T13:43:19.029] [WARN] warn - DELETE /api/users 200
[2024-07-01T13:43:53.548] [WARN] warn - DELETE /api/users 200
[2024-07-01T13:44:39.255] [WARN] warn - DELETE /api/users 200
[2024-07-01T13:45:11.623] [WARN] warn - DELETE /api/users 200
[2024-07-03T13:56:20.028] [WARN] warn - POST /api/product - Ruta inexistente
[2024-07-03T14:07:03.139] [WARN] warn - PUT /api/products/66858424ddd484e2f2f2232f 200
[2024-07-03T14:38:54.994] [WARN] warn - GET /api/products/expiration 200
[2024-07-03T14:39:32.390] [WARN] warn - POST /api/products 200
[2024-07-03T14:40:59.198] [WARN] warn - GET /api/products/expiration 200
[2024-07-03T14:41:35.453] [WARN] warn - GET /api/products/expiration 200
[2024-07-03T14:41:50.244] [WARN] warn - GET /api/products/expiration 200
[2024-07-03T14:43:16.951] [WARN] warn - GET /api/products/expiration 200
[2024-07-03T14:43:55.848] [WARN] warn - GET /api/products/expiration 200
[2024-07-03T14:45:16.652] [WARN] warn - POST /api/products 200
[2024-07-03T14:45:25.344] [WARN] warn - POST /api/products 200
[2024-07-03T14:45:35.372] [WARN] warn - POST /api/products 200
[2024-07-03T14:46:23.831] [WARN] warn - POST /api/products 200
[2024-07-03T14:47:19.282] [WARN] warn - POST /api/products 200
[2024-07-03T14:47:50.347] [WARN] warn - POST /api/products 200
[2024-07-03T14:49:08.703] [WARN] warn - POST /api/products 200
[2024-07-03T14:51:10.626] [WARN] warn - POST /api/products 200
[2024-07-03T14:51:45.416] [WARN] warn - POST /api/products 200
[2024-07-03T14:52:39.813] [WARN] warn - GET /api/products/expiration 200
[2024-07-03T14:53:31.463] [WARN] warn - GET /api/products/expiration 200
[2024-07-03T14:54:12.232] [WARN] warn - GET /api/products/expiration 200
[2024-07-03T19:26:27.452] [WARN] warn - POST /api/users 200
[2024-07-04T13:27:20.454] [WARN] warn - GET /api/products 200
[2024-07-04T13:27:24.937] [WARN] warn - GET /api/products 200
[2024-07-04T17:04:07.521] [WARN] warn - POST /api/products 200
[2024-07-10T17:09:36.355] [WARN] warn - POST /api/users 200
[2024-07-10T18:45:35.711] [WARN] warn - POST /api/users 200
[2024-07-10T18:53:09.208] [WARN] warn - DELETE /api/products/668ee1c38c2f27cc821d9a76 - Ruta inexistente
[2024-07-10T18:53:39.902] [WARN] warn - DELETE /api/products/668ee1c38c2f27cc821d9a76 - Ruta inexistente
[2024-07-10T19:33:02.044] [WARN] warn - POST /api/auth/login 200
[2024-07-11T17:17:16.250] [WARN] warn - GET /api/products/client666a9c8d2ecfb900a06d699d 200
[2024-07-11T17:17:51.743] [WARN] warn - GET /api/products/client666a9c8d2ecfb900a06d699d 200
[2024-07-16T18:05:36.455] [WARN] warn - GET /api/requests - Ruta inexistente
[2024-07-16T18:08:32.397] [WARN] warn - GET /api/requests 200
[2024-07-16T18:08:38.733] [WARN] warn - GET /api/requests 200
[2024-07-16T18:08:49.764] [WARN] warn - GET /api/requests 200
[2024-07-16T18:10:10.532] [WARN] warn - POST /api/requests - Ruta inexistente
[2024-07-16T18:10:43.869] [WARN] warn - POST /api/requests 200
[2024-07-16T18:11:39.083] [WARN] warn - POST /api/requests 200
[2024-07-16T18:11:43.664] [WARN] warn - POST /api/requests 200
[2024-07-16T18:17:26.739] [WARN] warn - POST /api/requests 200
[2024-07-17T14:44:13.319] [WARN] warn - PUT /api/requests/delete/6696e21c69c59af3f652b70f - Ruta inexistente
[2024-07-17T15:03:54.596] [WARN] warn - POST /api/users 200
[2024-07-17T16:20:57.081] [WARN] warn - DELETE /api/users 200
[2024-07-17T16:37:21.172] [WARN] warn - POST /api/requests 200
[2024-07-17T16:37:41.731] [WARN] warn - POST /api/requests 200
[2024-07-17T16:38:19.773] [WARN] warn - POST /api/requests 200
[2024-07-17T16:39:36.410] [WARN] warn - POST /api/requests 200
[2024-07-17T16:41:45.860] [WARN] warn - POST /api/requests 200
[2024-07-17T16:46:52.033] [WARN] warn - POST /api/requests 200
[2024-07-22T16:51:44.504] [WARN] warn - DELETE /api/users 200
[2024-07-22T18:53:03.670] [WARN] warn - PUT /api/auth/change/ - Ruta inexistente
[2024-07-22T18:53:28.833] [WARN] warn - PUT /api/auth/change/ - Ruta inexistente
[2024-07-22T18:54:22.615] [WARN] warn - PUT /api/auth/change/ - Ruta inexistente
[2024-07-22T19:40:11.488] [WARN] warn - PUT /api/auth/change/666a9c8d2ecfb900a06d699d 200
[2024-07-22T19:43:00.679] [WARN] warn - PUT /api/auth/change/666a9c8d2ecfb900a06d699d 200
[2024-07-23T00:56:22.908] [WARN] warn - PUT /api/auth/change/666a9c8d2ecfb900a06d699d 200
[2024-07-23T00:56:30.944] [WARN] warn - PUT /api/auth/change/666a9c8d2ecfb900a06d699d 200
[2024-07-23T00:58:13.692] [WARN] warn - GET /api/products 200
[2024-07-23T00:58:22.872] [WARN] warn - GET /api/products 200
[2024-07-23T00:58:32.045] [WARN] warn - GET /api/products 200
[2024-07-23T03:13:15.700] [WARN] warn - GET /api/products 200
[2024-07-23T20:43:37.432] [WARN] warn - GET /api/products 200
[2024-07-23T20:45:49.435] [WARN] warn - POST /api/requests 200
[2024-07-23T20:52:56.844] [WARN] warn - GET /api/products 200
[2024-07-23T20:53:03.530] [WARN] warn - GET /api/products 200
[2024-07-23T21:00:21.300] [WARN] warn - GET /api/products 200
[2024-07-23T21:02:38.502] [WARN] warn - GET /api/products 200
[2024-07-23T21:02:40.247] [WARN] warn - GET /api/products 200
[2024-07-23T21:02:49.757] [WARN] warn - GET /api/products 200
[2024-07-23T21:02:50.296] [WARN] warn - GET /api/products 200
[2024-07-23T21:13:00.523] [WARN] warn - GET /api/products/client/666a9c8d2ecfb900a06d699d 200
[2024-07-23T21:13:04.862] [WARN] warn - GET /api/products/client/666a9c8d2ecfb900a06d699d 200
[2024-07-24T01:49:59.524] [WARN] warn - POST /api/auth/login 200
[2024-07-24T04:00:42.882] [WARN] warn - POST /api/auth/login 200
[2024-07-24T04:00:45.290] [WARN] warn - POST /api/auth/login 200
[2024-08-16T08:44:12.478] [WARN] warn - POST /api/auth/login 200
[2024-08-19T10:02:37.303] [WARN] warn - GET /api/users 200
[2024-08-19T10:02:41.409] [WARN] warn - GET /api/users 200
[2024-08-19T10:13:00.432] [WARN] warn - GET /api/users 200
[2024-08-19T10:13:01.848] [WARN] warn - GET /api/users 200
[2024-08-19T10:20:26.290] [WARN] warn - GET /api/users 200
[2024-08-19T10:21:12.944] [WARN] warn - GET /api/users 200
[2024-08-19T10:21:34.527] [WARN] warn - GET /api/users 200
[2024-08-19T10:21:36.914] [WARN] warn - GET /api/users 200
[2024-08-19T10:21:45.893] [WARN] warn - GET /api/users 200
[2024-08-19T10:21:47.139] [WARN] warn - GET /api/users 200
[2024-08-19T10:26:55.346] [WARN] warn - POST /api/users 200
[2024-08-19T10:27:03.515] [WARN] warn - POST /api/auth/login 200
[2024-08-19T10:27:11.020] [WARN] warn - POST /api/auth/login 200
[2024-08-19T10:27:16.156] [WARN] warn - POST /api/auth/login 200
[2024-08-19T10:27:21.737] [WARN] warn - POST /api/auth/login 200
[2024-08-19T10:27:23.447] [WARN] warn - POST /api/auth/login 200
[2024-08-19T10:28:57.095] [WARN] warn - PUT /api/auth/change/666a9c8d2ecfb900a06d699d 200
[2024-08-19T10:30:09.624] [WARN] warn - POST /api/users 200
[2024-08-19T10:30:42.470] [WARN] warn - POST /api/users 200
[2024-08-19T10:31:05.855] [WARN] warn - POST /api/users 200
[2024-08-19T10:38:17.985] [WARN] warn - POST /api/users 200
[2024-08-19T10:38:35.533] [WARN] warn - POST /api/products 200
[2024-08-19T10:38:54.783] [WARN] warn - DELETE /api/requests/delete/66c34771b09dad5bdb020119 200
[2024-08-19T10:39:03.645] [WARN] warn - POST /api/requests 200
[2024-08-19T10:39:08.232] [WARN] warn - POST /api/requests 200
[2024-08-19T10:39:13.689] [WARN] warn - PUT /api/users/666a9c8d2ecfb900a06d699d 200
[2024-08-19T10:44:58.236] [WARN] warn - POST /api/requests 200
